C:\Projetos\Blog\ClientApp\dist\out-tsc\e2e\src\app.po.js
C:\Projetos\Blog\ClientApp\dist\out-tsc\e2e\src\app.po.js.map
C:\Projetos\Blog\ClientApp\dist\out-tsc\e2e\src\app.e2e-spec.js
C:\Projetos\Blog\ClientApp\dist\out-tsc\e2e\src\app.e2e-spec.js.map
C:\Projetos\Blog\ClientApp\dist\out-tsc\src\environments\environment.js
C:\Projetos\Blog\ClientApp\dist\out-tsc\src\environments\environment.js.map
C:\Projetos\Blog\ClientApp\dist\out-tsc\src\app\models\blogpost.js
C:\Projetos\Blog\ClientApp\dist\out-tsc\src\app\models\blogpost.js.map
C:\Projetos\Blog\ClientApp\dist\out-tsc\src\app\blog-post.service.js
C:\Projetos\Blog\ClientApp\dist\out-tsc\src\app\blog-post.service.js.map
C:\Projetos\Blog\ClientApp\dist\out-tsc\src\app\blog-posts\blog-posts.component.js
C:\Projetos\Blog\ClientApp\dist\out-tsc\src\app\blog-posts\blog-posts.component.js.map
C:\Projetos\Blog\ClientApp\dist\out-tsc\src\app\blog-post\blog-post.component.js
C:\Projetos\Blog\ClientApp\dist\out-tsc\src\app\blog-post\blog-post.component.js.map
C:\Projetos\Blog\ClientApp\dist\out-tsc\src\app\blog-post-add-edit\blog-post-add-edit.component.js
C:\Projetos\Blog\ClientApp\dist\out-tsc\src\app\blog-post-add-edit\blog-post-add-edit.component.js.map
C:\Projetos\Blog\ClientApp\dist\out-tsc\src\app\app-routing.module.js
C:\Projetos\Blog\ClientApp\dist\out-tsc\src\app\app-routing.module.js.map
C:\Projetos\Blog\ClientApp\dist\out-tsc\src\app\app.component.js
C:\Projetos\Blog\ClientApp\dist\out-tsc\src\app\app.component.js.map
C:\Projetos\Blog\ClientApp\dist\out-tsc\src\app\app.module.js
C:\Projetos\Blog\ClientApp\dist\out-tsc\src\app\app.module.js.map
C:\Projetos\Blog\ClientApp\dist\out-tsc\src\main.js
C:\Projetos\Blog\ClientApp\dist\out-tsc\src\main.js.map
C:\Projetos\Blog\ClientApp\dist\out-tsc\src\polyfills.js
C:\Projetos\Blog\ClientApp\dist\out-tsc\src\polyfills.js.map
C:\Projetos\Blog\ClientApp\dist\out-tsc\src\test.js
C:\Projetos\Blog\ClientApp\dist\out-tsc\src\test.js.map
C:\Projetos\Blog\ClientApp\dist\out-tsc\src\app\app.component.spec.js
C:\Projetos\Blog\ClientApp\dist\out-tsc\src\app\app.component.spec.js.map
C:\Projetos\Blog\ClientApp\dist\out-tsc\src\app\blog-post.service.spec.js
C:\Projetos\Blog\ClientApp\dist\out-tsc\src\app\blog-post.service.spec.js.map
C:\Projetos\Blog\ClientApp\dist\out-tsc\src\app\blog-post\blog-post.component.spec.js
C:\Projetos\Blog\ClientApp\dist\out-tsc\src\app\blog-post\blog-post.component.spec.js.map
C:\Projetos\Blog\ClientApp\dist\out-tsc\src\app\blog-post-add-edit\blog-post-add-edit.component.spec.js
C:\Projetos\Blog\ClientApp\dist\out-tsc\src\app\blog-post-add-edit\blog-post-add-edit.component.spec.js.map
C:\Projetos\Blog\ClientApp\dist\out-tsc\src\app\blog-posts\blog-posts.component.spec.js
C:\Projetos\Blog\ClientApp\dist\out-tsc\src\app\blog-posts\blog-posts.component.spec.js.map
C:\Projetos\Blog\ClientApp\dist\out-tsc\src\environments\environment.prod.js
C:\Projetos\Blog\ClientApp\dist\out-tsc\src\environments\environment.prod.js.map
